<?xml version="1.0" encoding="UTF-8"?>
<testsuite xmlns:xsi="http://www.w3.org/2001/XMLSchema-instance" xsi:noNamespaceSchemaLocation="https://maven.apache.org/surefire/maven-surefire-plugin/xsd/surefire-test-report-3.0.xsd" version="3.0" name="com.nuevospa.gestiontareas.security.JwtUserDetailsServiceTest" time="0.013" tests="2" errors="0" skipped="0" failures="0">
  <properties>
[...]
</properties>
  <testcase name="loadUserByUsername_DebeRetornarUserDetails_CuandoUsuarioExiste" classname="com.nuevospa.gestiontareas.security.JwtUserDetailsServiceTest" time="0.007">
    <system-out><![CDATA[14:53:14.633 [main] INFO com.nuevospa.gestiontareas.security.JwtUserDetailsService -- Cargando usuario por email: usuario@test.com
14:53:14.636 [main] INFO com.nuevospa.gestiontareas.security.JwtUserDetailsService -- Usuario encontrado: usuario@test.com, con rol: ROLE_USUARIO
]]></system-out>
  </testcase>
  <testcase name="loadUserByUsername_DebeLanzarExcepcion_CuandoUsuarioNoExiste" classname="com.nuevospa.gestiontareas.security.JwtUserDetailsServiceTest" time="0.005">
    <system-out><![CDATA[14:53:14.641 [main] INFO com.nuevospa.gestiontareas.security.JwtUserDetailsService -- Cargando usuario por email: usuario@test.com
]]></system-out>
  </testcase>
</testsuite>