<?xml version="1.0" encoding="UTF-8"?>
<testsuite xmlns:xsi="http://www.w3.org/2001/XMLSchema-instance" xsi:noNamespaceSchemaLocation="https://maven.apache.org/surefire/maven-surefire-plugin/xsd/surefire-test-report-3.0.xsd" version="3.0" name="com.nuevospa.gestiontareas.service.TareaServiceTest" time="0.461" tests="16" errors="0" skipped="0" failures="0">
  <properties>
[...]
</properties>
  <testcase name="update_DebeRetornarTareaDTO_CuandoDatosValidos" classname="com.nuevospa.gestiontareas.service.TareaServiceTest" time="0.314">
    <system-out><![CDATA[14:53:14.947 [main] INFO com.nuevospa.gestiontareas.service.TareaService -- Actualizando tarea: TareaActualizarDTO(id=183430e6-615a-4e06-891f-243dae824cbc, titulo=Tarea actualizada, descripcion=Descripción actualizada, fechaVencimiento=null, usuarioId=125d8806-97b2-43b4-9018-f4a46c52dcb0, estadoId=1, prioridadId=1)
14:53:14.956 [main] INFO com.nuevospa.gestiontareas.service.TareaService -- Tarea actualizada: ID=183430e6-615a-4e06-891f-243dae824cbc
]]></system-out>
  </testcase>
  <testcase name="findById_DebeRetornarTarea_CuandoExiste" classname="com.nuevospa.gestiontareas.service.TareaServiceTest" time="0.007">
    <system-out><![CDATA[14:53:14.968 [main] INFO com.nuevospa.gestiontareas.service.TareaService -- Buscando tarea con ID: 6b056c82-edf4-4f72-b67a-f8a81410e897
]]></system-out>
  </testcase>
  <testcase name="findFiltered_DebeRetornarPageTarea_CuandoNoHayFiltros" classname="com.nuevospa.gestiontareas.service.TareaServiceTest" time="0.007">
    <system-out><![CDATA[14:53:14.977 [main] INFO com.nuevospa.gestiontareas.service.TareaService -- Obteniendo tareas con filtros: estadoId=null, usuarioId=null, prioridadId=null
]]></system-out>
  </testcase>
  <testcase name="cambiarEstado_DebeRetornarEmpty_CuandoNoExisteEstado" classname="com.nuevospa.gestiontareas.service.TareaServiceTest" time="0.011">
    <system-out><![CDATA[14:53:14.985 [main] INFO com.nuevospa.gestiontareas.service.TareaService -- Cambiando estado de tarea 8e81afc0-c67e-44e6-afc1-d053bb3ddd73 a estadoId=1
]]></system-out>
  </testcase>
  <testcase name="deleteById_DebeEliminarTarea" classname="com.nuevospa.gestiontareas.service.TareaServiceTest" time="0.003">
    <system-out><![CDATA[14:53:14.995 [main] INFO com.nuevospa.gestiontareas.service.TareaService -- Eliminando tarea con ID: 290790c1-a720-4cd1-b86e-e91cc2e10e67
]]></system-out>
  </testcase>
  <testcase name="create_DebeLanzarExcepcion_CuandoNoExistePrioridad" classname="com.nuevospa.gestiontareas.service.TareaServiceTest" time="0.006">
    <system-out><![CDATA[14:53:14.997 [main] INFO com.nuevospa.gestiontareas.service.TareaService -- Creando nueva tarea: TareaCrearDTO(titulo=Nueva tarea, descripcion=Nueva descripción, fechaVencimiento=null, usuarioId=2c053e58-861c-4257-b2c4-9c2ba0b6c578, estadoId=1, prioridadId=1)
]]></system-out>
  </testcase>
  <testcase name="update_DebeLanzarExcepcion_CuandoNoExisteTarea" classname="com.nuevospa.gestiontareas.service.TareaServiceTest" time="0.004">
    <system-out><![CDATA[14:53:15.007 [main] INFO com.nuevospa.gestiontareas.service.TareaService -- Actualizando tarea: TareaActualizarDTO(id=93c12601-1ab7-43c2-bf83-d4ac30a96eb0, titulo=Tarea actualizada, descripcion=Descripción actualizada, fechaVencimiento=null, usuarioId=7f064640-6704-49ac-9ce8-3f357f77f340, estadoId=1, prioridadId=1)
]]></system-out>
  </testcase>
  <testcase name="create_DebeLanzarExcepcion_CuandoNoExisteUsuario" classname="com.nuevospa.gestiontareas.service.TareaServiceTest" time="0.005">
    <system-out><![CDATA[14:53:15.011 [main] INFO com.nuevospa.gestiontareas.service.TareaService -- Creando nueva tarea: TareaCrearDTO(titulo=Nueva tarea, descripcion=Nueva descripción, fechaVencimiento=null, usuarioId=7889d415-5c43-411d-9252-edbe79a4d0bb, estadoId=1, prioridadId=1)
]]></system-out>
  </testcase>
  <testcase name="findFiltered_DebeRetornarPageTarea_CuandoHayFiltroEstado" classname="com.nuevospa.gestiontareas.service.TareaServiceTest" time="0.011">
    <system-out><![CDATA[14:53:15.023 [main] INFO com.nuevospa.gestiontareas.service.TareaService -- Obteniendo tareas con filtros: estadoId=1, usuarioId=null, prioridadId=null
]]></system-out>
  </testcase>
  <testcase name="cambiarEstado_DebeRetornarTareaActualizada_CuandoExisteTareaYEstado" classname="com.nuevospa.gestiontareas.service.TareaServiceTest" time="0.003">
    <system-out><![CDATA[14:53:15.028 [main] INFO com.nuevospa.gestiontareas.service.TareaService -- Cambiando estado de tarea a5c7b8c6-74e4-4ff2-a6ab-2a34aefa76aa a estadoId=1
]]></system-out>
  </testcase>
  <testcase name="save_DebeRetornarTareaGuardada" classname="com.nuevospa.gestiontareas.service.TareaServiceTest" time="0.008">
    <system-out><![CDATA[14:53:15.037 [main] INFO com.nuevospa.gestiontareas.service.TareaService -- Guardando tarea: Tarea(id=fa525873-e189-4f01-ab6f-21d332ff142b, titulo=Tarea de prueba, descripcion=Descripción de prueba, fechaCreacion=2025-03-16T14:53:15.037056800, fechaVencimiento=null, usuarioAsignado=Usuario(id=06d18bf5-597d-4795-830d-44a4163199d5, nombre=Usuario Test, email=usuario@test.com, password=null, apellido=null, rol=null, fechaCreacion=null), usuarioAsignadoId=null, estado=EstadoTarea(id=1, nombre=PENDIENTE, descripcion=null), estadoId=1, prioridad=Prioridad(id=1, nombre=ALTA, descripcion=null), prioridadId=1, usuarioCreador=null, usuarioCreadorId=null)
]]></system-out>
  </testcase>
  <testcase name="findFiltered_DebeRetornarPageTarea_CuandoHayFiltroUsuario" classname="com.nuevospa.gestiontareas.service.TareaServiceTest" time="0.012">
    <system-out><![CDATA[14:53:15.048 [main] INFO com.nuevospa.gestiontareas.service.TareaService -- Obteniendo tareas con filtros: estadoId=null, usuarioId=2d383e3f-c18c-4d8c-b57a-43aa217dfeb1, prioridadId=null
]]></system-out>
  </testcase>
  <testcase name="create_DebeLanzarExcepcion_CuandoNoExisteEstado" classname="com.nuevospa.gestiontareas.service.TareaServiceTest" time="0.006">
    <system-out><![CDATA[14:53:15.066 [main] INFO com.nuevospa.gestiontareas.service.TareaService -- Creando nueva tarea: TareaCrearDTO(titulo=Nueva tarea, descripcion=Nueva descripción, fechaVencimiento=null, usuarioId=ee7e6a76-36fc-411b-9481-3612719ee3ee, estadoId=1, prioridadId=1)
]]></system-out>
  </testcase>
  <testcase name="cambiarEstado_DebeRetornarEmpty_CuandoNoExisteTarea" classname="com.nuevospa.gestiontareas.service.TareaServiceTest" time="0.005">
    <system-out><![CDATA[14:53:15.071 [main] INFO com.nuevospa.gestiontareas.service.TareaService -- Cambiando estado de tarea a8abe64f-e437-4727-bab2-8eaa5d1eb22c a estadoId=1
]]></system-out>
  </testcase>
  <testcase name="findFiltered_DebeRetornarPageTarea_CuandoHayFiltroPrioridad" classname="com.nuevospa.gestiontareas.service.TareaServiceTest" time="0.008">
    <system-out><![CDATA[14:53:15.082 [main] INFO com.nuevospa.gestiontareas.service.TareaService -- Obteniendo tareas con filtros: estadoId=null, usuarioId=null, prioridadId=1
]]></system-out>
  </testcase>
  <testcase name="create_DebeRetornarTareaDTO_CuandoDatosValidos" classname="com.nuevospa.gestiontareas.service.TareaServiceTest" time="0.02">
    <system-out><![CDATA[14:53:15.091 [main] INFO com.nuevospa.gestiontareas.service.TareaService -- Creando nueva tarea: TareaCrearDTO(titulo=Nueva tarea, descripcion=Nueva descripción, fechaVencimiento=null, usuarioId=44c50eca-7873-4a77-b5c9-ef323a7cf5e3, estadoId=1, prioridadId=1)
14:53:15.101 [main] INFO com.nuevospa.gestiontareas.service.TareaService -- Tarea creada con ID: 1f59112c-b857-4543-ad44-39ec4033786f
]]></system-out>
  </testcase>
</testsuite>